  glm.c
  transformation.c
D:\SCHOOL\24-3-2\opengl\2차과제\carmodeltransform\glm.c(187,23): warning C4996: 'strdup': The POSIX name for this item is deprecated. Instead, use the ISO C and C++ conformant name: _strdup. See online help for details.
D:\SCHOOL\24-3-2\opengl\2차과제\carmodeltransform\glm.c(234,11): warning C4996: 'strdup': The POSIX name for this item is deprecated. Instead, use the ISO C and C++ conformant name: _strdup. See online help for details.
D:\SCHOOL\24-3-2\opengl\2차과제\carmodeltransform\glm.c(303,42): warning C4305: '=': 'double'에서 'GLfloat'(으)로 잘립니다.
D:\SCHOOL\24-3-2\opengl\2차과제\carmodeltransform\glm.c(304,42): warning C4305: '=': 'double'에서 'GLfloat'(으)로 잘립니다.
D:\SCHOOL\24-3-2\opengl\2차과제\carmodeltransform\glm.c(305,42): warning C4305: '=': 'double'에서 'GLfloat'(으)로 잘립니다.
D:\SCHOOL\24-3-2\opengl\2차과제\carmodeltransform\glm.c(307,42): warning C4305: '=': 'double'에서 'GLfloat'(으)로 잘립니다.
D:\SCHOOL\24-3-2\opengl\2차과제\carmodeltransform\glm.c(308,42): warning C4305: '=': 'double'에서 'GLfloat'(으)로 잘립니다.
D:\SCHOOL\24-3-2\opengl\2차과제\carmodeltransform\glm.c(309,42): warning C4305: '=': 'double'에서 'GLfloat'(으)로 잘립니다.
D:\SCHOOL\24-3-2\opengl\2차과제\carmodeltransform\glm.c(262,5): warning C4996: 'strcpy': This function or variable may be unsafe. Consider using strcpy_s instead. To disable deprecation, use _CRT_SECURE_NO_WARNINGS. See online help for details.
D:\SCHOOL\24-3-2\opengl\2차과제\carmodeltransform\glm.c(263,5): warning C4996: 'strcat': This function or variable may be unsafe. Consider using strcat_s instead. To disable deprecation, use _CRT_SECURE_NO_WARNINGS. See online help for details.
D:\SCHOOL\24-3-2\opengl\2차과제\carmodeltransform\glm.c(266,12): warning C4996: 'fopen': This function or variable may be unsafe. Consider using fopen_s instead. To disable deprecation, use _CRT_SECURE_NO_WARNINGS. See online help for details.
D:\SCHOOL\24-3-2\opengl\2차과제\carmodeltransform\glm.c(276,11): warning C4996: 'fscanf': This function or variable may be unsafe. Consider using fscanf_s instead. To disable deprecation, use _CRT_SECURE_NO_WARNINGS. See online help for details.
D:\SCHOOL\24-3-2\opengl\2차과제\carmodeltransform\glm.c(285,13): warning C4996: 'sscanf': This function or variable may be unsafe. Consider using sscanf_s instead. To disable deprecation, use _CRT_SECURE_NO_WARNINGS. See online help for details.
D:\SCHOOL\24-3-2\opengl\2차과제\carmodeltransform\glm.c(316,32): warning C4996: 'strdup': The POSIX name for this item is deprecated. Instead, use the ISO C and C++ conformant name: _strdup. See online help for details.
D:\SCHOOL\24-3-2\opengl\2차과제\carmodeltransform\glm.c(320,11): warning C4996: 'fscanf': This function or variable may be unsafe. Consider using fscanf_s instead. To disable deprecation, use _CRT_SECURE_NO_WARNINGS. See online help for details.
D:\SCHOOL\24-3-2\opengl\2차과제\carmodeltransform\glm.c(328,13): warning C4996: 'sscanf': This function or variable may be unsafe. Consider using sscanf_s instead. To disable deprecation, use _CRT_SECURE_NO_WARNINGS. See online help for details.
D:\SCHOOL\24-3-2\opengl\2차과제\carmodeltransform\glm.c(330,51): warning C4996: 'strdup': The POSIX name for this item is deprecated. Instead, use the ISO C and C++ conformant name: _strdup. See online help for details.
D:\SCHOOL\24-3-2\opengl\2차과제\carmodeltransform\glm.c(333,13): warning C4996: 'fscanf': This function or variable may be unsafe. Consider using fscanf_s instead. To disable deprecation, use _CRT_SECURE_NO_WARNINGS. See online help for details.
D:\SCHOOL\24-3-2\opengl\2차과제\carmodeltransform\glm.c(341,17): warning C4996: 'fscanf': This function or variable may be unsafe. Consider using fscanf_s instead. To disable deprecation, use _CRT_SECURE_NO_WARNINGS. See online help for details.
D:\SCHOOL\24-3-2\opengl\2차과제\carmodeltransform\glm.c(347,17): warning C4996: 'fscanf': This function or variable may be unsafe. Consider using fscanf_s instead. To disable deprecation, use _CRT_SECURE_NO_WARNINGS. See online help for details.
D:\SCHOOL\24-3-2\opengl\2차과제\carmodeltransform\glm.c(353,17): warning C4996: 'fscanf': This function or variable may be unsafe. Consider using fscanf_s instead. To disable deprecation, use _CRT_SECURE_NO_WARNINGS. See online help for details.
D:\SCHOOL\24-3-2\opengl\2차과제\carmodeltransform\glm.c(391,5): warning C4996: 'strcpy': This function or variable may be unsafe. Consider using strcpy_s instead. To disable deprecation, use _CRT_SECURE_NO_WARNINGS. See online help for details.
D:\SCHOOL\24-3-2\opengl\2차과제\carmodeltransform\glm.c(392,5): warning C4996: 'strcat': This function or variable may be unsafe. Consider using strcat_s instead. To disable deprecation, use _CRT_SECURE_NO_WARNINGS. See online help for details.
D:\SCHOOL\24-3-2\opengl\2차과제\carmodeltransform\glm.c(396,12): warning C4996: 'fopen': This function or variable may be unsafe. Consider using fopen_s instead. To disable deprecation, use _CRT_SECURE_NO_WARNINGS. See online help for details.
D:\SCHOOL\24-3-2\opengl\2차과제\carmodeltransform\glm.c(452,11): warning C4996: 'fscanf': This function or variable may be unsafe. Consider using fscanf_s instead. To disable deprecation, use _CRT_SECURE_NO_WARNINGS. See online help for details.
D:\SCHOOL\24-3-2\opengl\2차과제\carmodeltransform\glm.c(483,17): warning C4996: 'sscanf': This function or variable may be unsafe. Consider using sscanf_s instead. To disable deprecation, use _CRT_SECURE_NO_WARNINGS. See online help for details.
D:\SCHOOL\24-3-2\opengl\2차과제\carmodeltransform\glm.c(484,37): warning C4996: 'strdup': The POSIX name for this item is deprecated. Instead, use the ISO C and C++ conformant name: _strdup. See online help for details.
D:\SCHOOL\24-3-2\opengl\2차과제\carmodeltransform\glm.c(503,17): warning C4996: 'fscanf': This function or variable may be unsafe. Consider using fscanf_s instead. To disable deprecation, use _CRT_SECURE_NO_WARNINGS. See online help for details.
D:\SCHOOL\24-3-2\opengl\2차과제\carmodeltransform\glm.c(507,21): warning C4996: 'sscanf': This function or variable may be unsafe. Consider using sscanf_s instead. To disable deprecation, use _CRT_SECURE_NO_WARNINGS. See online help for details.
D:\SCHOOL\24-3-2\opengl\2차과제\carmodeltransform\glm.c(508,21): warning C4996: 'fscanf': This function or variable may be unsafe. Consider using fscanf_s instead. To disable deprecation, use _CRT_SECURE_NO_WARNINGS. See online help for details.
D:\SCHOOL\24-3-2\opengl\2차과제\carmodeltransform\glm.c(509,21): warning C4996: 'fscanf': This function or variable may be unsafe. Consider using fscanf_s instead. To disable deprecation, use _CRT_SECURE_NO_WARNINGS. See online help for details.
D:\SCHOOL\24-3-2\opengl\2차과제\carmodeltransform\glm.c(512,27): warning C4996: 'fscanf': This function or variable may be unsafe. Consider using fscanf_s instead. To disable deprecation, use _CRT_SECURE_NO_WARNINGS. See online help for details.
D:\SCHOOL\24-3-2\opengl\2차과제\carmodeltransform\glm.c(516,28): warning C4996: 'sscanf': This function or variable may be unsafe. Consider using sscanf_s instead. To disable deprecation, use _CRT_SECURE_NO_WARNINGS. See online help for details.
D:\SCHOOL\24-3-2\opengl\2차과제\carmodeltransform\glm.c(518,21): warning C4996: 'fscanf': This function or variable may be unsafe. Consider using fscanf_s instead. To disable deprecation, use _CRT_SECURE_NO_WARNINGS. See online help for details.
D:\SCHOOL\24-3-2\opengl\2차과제\carmodeltransform\glm.c(519,21): warning C4996: 'fscanf': This function or variable may be unsafe. Consider using fscanf_s instead. To disable deprecation, use _CRT_SECURE_NO_WARNINGS. See online help for details.
D:\SCHOOL\24-3-2\opengl\2차과제\carmodeltransform\glm.c(522,27): warning C4996: 'fscanf': This function or variable may be unsafe. Consider using fscanf_s instead. To disable deprecation, use _CRT_SECURE_NO_WARNINGS. See online help for details.
D:\SCHOOL\24-3-2\opengl\2차과제\carmodeltransform\glm.c(526,28): warning C4996: 'sscanf': This function or variable may be unsafe. Consider using sscanf_s instead. To disable deprecation, use _CRT_SECURE_NO_WARNINGS. See online help for details.
D:\SCHOOL\24-3-2\opengl\2차과제\carmodeltransform\glm.c(528,21): warning C4996: 'fscanf': This function or variable may be unsafe. Consider using fscanf_s instead. To disable deprecation, use _CRT_SECURE_NO_WARNINGS. See online help for details.
D:\SCHOOL\24-3-2\opengl\2차과제\carmodeltransform\glm.c(529,21): warning C4996: 'fscanf': This function or variable may be unsafe. Consider using fscanf_s instead. To disable deprecation, use _CRT_SECURE_NO_WARNINGS. See online help for details.
D:\SCHOOL\24-3-2\opengl\2차과제\carmodeltransform\glm.c(532,27): warning C4996: 'fscanf': This function or variable may be unsafe. Consider using fscanf_s instead. To disable deprecation, use _CRT_SECURE_NO_WARNINGS. See online help for details.
D:\SCHOOL\24-3-2\opengl\2차과제\carmodeltransform\glm.c(538,21): warning C4996: 'fscanf': This function or variable may be unsafe. Consider using fscanf_s instead. To disable deprecation, use _CRT_SECURE_NO_WARNINGS. See online help for details.
D:\SCHOOL\24-3-2\opengl\2차과제\carmodeltransform\glm.c(539,21): warning C4996: 'fscanf': This function or variable may be unsafe. Consider using fscanf_s instead. To disable deprecation, use _CRT_SECURE_NO_WARNINGS. See online help for details.
D:\SCHOOL\24-3-2\opengl\2차과제\carmodeltransform\glm.c(542,27): warning C4996: 'fscanf': This function or variable may be unsafe. Consider using fscanf_s instead. To disable deprecation, use _CRT_SECURE_NO_WARNINGS. See online help for details.
D:\SCHOOL\24-3-2\opengl\2차과제\carmodeltransform\glm.c(603,11): warning C4996: 'fscanf': This function or variable may be unsafe. Consider using fscanf_s instead. To disable deprecation, use _CRT_SECURE_NO_WARNINGS. See online help for details.
D:\SCHOOL\24-3-2\opengl\2차과제\carmodeltransform\glm.c(612,17): warning C4996: 'fscanf': This function or variable may be unsafe. Consider using fscanf_s instead. To disable deprecation, use _CRT_SECURE_NO_WARNINGS. See online help for details.
D:\SCHOOL\24-3-2\opengl\2차과제\carmodeltransform\glm.c(619,17): warning C4996: 'fscanf': This function or variable may be unsafe. Consider using fscanf_s instead. To disable deprecation, use _CRT_SECURE_NO_WARNINGS. See online help for details.
D:\SCHOOL\24-3-2\opengl\2차과제\carmodeltransform\glm.c(626,17): warning C4996: 'fscanf': This function or variable may be unsafe. Consider using fscanf_s instead. To disable deprecation, use _CRT_SECURE_NO_WARNINGS. See online help for details.
D:\SCHOOL\24-3-2\opengl\2차과제\carmodeltransform\glm.c(635,17): warning C4996: 'sscanf': This function or variable may be unsafe. Consider using sscanf_s instead. To disable deprecation, use _CRT_SECURE_NO_WARNINGS. See online help for details.
D:\SCHOOL\24-3-2\opengl\2차과제\carmodeltransform\glm.c(651,17): warning C4996: 'fscanf': This function or variable may be unsafe. Consider using fscanf_s instead. To disable deprecation, use _CRT_SECURE_NO_WARNINGS. See online help for details.
D:\SCHOOL\24-3-2\opengl\2차과제\carmodeltransform\glm.c(655,21): warning C4996: 'sscanf': This function or variable may be unsafe. Consider using sscanf_s instead. To disable deprecation, use _CRT_SECURE_NO_WARNINGS. See online help for details.
D:\SCHOOL\24-3-2\opengl\2차과제\carmodeltransform\glm.c(658,21): warning C4996: 'fscanf': This function or variable may be unsafe. Consider using fscanf_s instead. To disable deprecation, use _CRT_SECURE_NO_WARNINGS. See online help for details.
D:\SCHOOL\24-3-2\opengl\2차과제\carmodeltransform\glm.c(661,21): warning C4996: 'fscanf': This function or variable may be unsafe. Consider using fscanf_s instead. To disable deprecation, use _CRT_SECURE_NO_WARNINGS. See online help for details.
D:\SCHOOL\24-3-2\opengl\2차과제\carmodeltransform\glm.c(666,27): warning C4996: 'fscanf': This function or variable may be unsafe. Consider using fscanf_s instead. To disable deprecation, use _CRT_SECURE_NO_WARNINGS. See online help for details.
D:\SCHOOL\24-3-2\opengl\2차과제\carmodeltransform\glm.c(676,28): warning C4996: 'sscanf': This function or variable may be unsafe. Consider using sscanf_s instead. To disable deprecation, use _CRT_SECURE_NO_WARNINGS. See online help for details.
D:\SCHOOL\24-3-2\opengl\2차과제\carmodeltransform\glm.c(681,21): warning C4996: 'fscanf': This function or variable may be unsafe. Consider using fscanf_s instead. To disable deprecation, use _CRT_SECURE_NO_WARNINGS. See online help for details.
D:\SCHOOL\24-3-2\opengl\2차과제\carmodeltransform\glm.c(685,21): warning C4996: 'fscanf': This function or variable may be unsafe. Consider using fscanf_s instead. To disable deprecation, use _CRT_SECURE_NO_WARNINGS. See online help for details.
D:\SCHOOL\24-3-2\opengl\2차과제\carmodeltransform\glm.c(691,27): warning C4996: 'fscanf': This function or variable may be unsafe. Consider using fscanf_s instead. To disable deprecation, use _CRT_SECURE_NO_WARNINGS. See online help for details.
D:\SCHOOL\24-3-2\opengl\2차과제\carmodeltransform\glm.c(704,28): warning C4996: 'sscanf': This function or variable may be unsafe. Consider using sscanf_s instead. To disable deprecation, use _CRT_SECURE_NO_WARNINGS. See online help for details.
D:\SCHOOL\24-3-2\opengl\2차과제\carmodeltransform\glm.c(708,21): warning C4996: 'fscanf': This function or variable may be unsafe. Consider using fscanf_s instead. To disable deprecation, use _CRT_SECURE_NO_WARNINGS. See online help for details.
D:\SCHOOL\24-3-2\opengl\2차과제\carmodeltransform\glm.c(711,21): warning C4996: 'fscanf': This function or variable may be unsafe. Consider using fscanf_s instead. To disable deprecation, use _CRT_SECURE_NO_WARNINGS. See online help for details.
D:\SCHOOL\24-3-2\opengl\2차과제\carmodeltransform\glm.c(716,27): warning C4996: 'fscanf': This function or variable may be unsafe. Consider using fscanf_s instead. To disable deprecation, use _CRT_SECURE_NO_WARNINGS. See online help for details.
D:\SCHOOL\24-3-2\opengl\2차과제\carmodeltransform\glm.c(728,21): warning C4996: 'sscanf': This function or variable may be unsafe. Consider using sscanf_s instead. To disable deprecation, use _CRT_SECURE_NO_WARNINGS. See online help for details.
D:\SCHOOL\24-3-2\opengl\2차과제\carmodeltransform\glm.c(730,21): warning C4996: 'fscanf': This function or variable may be unsafe. Consider using fscanf_s instead. To disable deprecation, use _CRT_SECURE_NO_WARNINGS. See online help for details.
D:\SCHOOL\24-3-2\opengl\2차과제\carmodeltransform\glm.c(732,21): warning C4996: 'fscanf': This function or variable may be unsafe. Consider using fscanf_s instead. To disable deprecation, use _CRT_SECURE_NO_WARNINGS. See online help for details.
D:\SCHOOL\24-3-2\opengl\2차과제\carmodeltransform\glm.c(736,27): warning C4996: 'fscanf': This function or variable may be unsafe. Consider using fscanf_s instead. To disable deprecation, use _CRT_SECURE_NO_WARNINGS. See online help for details.
D:\SCHOOL\24-3-2\opengl\2차과제\carmodeltransform\glm.c(811,24): warning C4244: '=': 'double'에서 'GLfloat'(으)로 변환하면서 데이터가 손실될 수 있습니다.
D:\SCHOOL\24-3-2\opengl\2차과제\carmodeltransform\glm.c(812,24): warning C4244: '=': 'double'에서 'GLfloat'(으)로 변환하면서 데이터가 손실될 수 있습니다.
D:\SCHOOL\24-3-2\opengl\2차과제\carmodeltransform\glm.c(813,24): warning C4244: '=': 'double'에서 'GLfloat'(으)로 변환하면서 데이터가 손실될 수 있습니다.
D:\SCHOOL\24-3-2\opengl\2차과제\carmodeltransform\glm.c(816,17): warning C4244: '=': 'double'에서 'GLfloat'(으)로 변환하면서 데이터가 손실될 수 있습니다.
D:\SCHOOL\24-3-2\opengl\2차과제\carmodeltransform\glm.c(1016,17): warning C4244: '=': 'double'에서 'GLfloat'(으)로 변환하면서 데이터가 손실될 수 있습니다.
D:\SCHOOL\24-3-2\opengl\2차과제\carmodeltransform\glm.c(1172,23): warning C4244: '=': 'double'에서 'GLfloat'(으)로 변환하면서 데이터가 손실될 수 있습니다.
D:\SCHOOL\24-3-2\opengl\2차과제\carmodeltransform\glm.c(1179,49): warning C4244: '=': 'double'에서 'GLfloat'(으)로 변환하면서 데이터가 손실될 수 있습니다.
D:\SCHOOL\24-3-2\opengl\2차과제\carmodeltransform\glm.c(1180,49): warning C4244: '=': 'double'에서 'GLfloat'(으)로 변환하면서 데이터가 손실될 수 있습니다.
D:\SCHOOL\24-3-2\opengl\2차과제\carmodeltransform\glm.c(1230,13): warning C4244: '=': 'double'에서 'GLfloat'(으)로 변환하면서 데이터가 손실될 수 있습니다.
D:\SCHOOL\24-3-2\opengl\2차과제\carmodeltransform\glm.c(1231,15): warning C4244: '=': 'double'에서 'GLfloat'(으)로 변환하면서 데이터가 손실될 수 있습니다.
D:\SCHOOL\24-3-2\opengl\2차과제\carmodeltransform\glm.c(1238,34): warning C4305: '=': 'double'에서 'GLfloat'(으)로 잘립니다.
D:\SCHOOL\24-3-2\opengl\2차과제\carmodeltransform\glm.c(1240,23): warning C4244: '=': 'double'에서 'GLfloat'(으)로 변환하면서 데이터가 손실될 수 있습니다.
D:\SCHOOL\24-3-2\opengl\2차과제\carmodeltransform\glm.c(1243,37): warning C4305: '=': 'double'에서 'GLfloat'(으)로 잘립니다.
D:\SCHOOL\24-3-2\opengl\2차과제\carmodeltransform\glm.c(1245,37): warning C4244: '=': 'double'에서 'GLfloat'(으)로 변환하면서 데이터가 손실될 수 있습니다.
D:\SCHOOL\24-3-2\opengl\2차과제\carmodeltransform\glm.c(1248,45): warning C4244: '=': 'double'에서 'GLfloat'(으)로 변환하면서 데이터가 손실될 수 있습니다.
D:\SCHOOL\24-3-2\opengl\2차과제\carmodeltransform\glm.c(1249,43): warning C4244: '=': 'double'에서 'GLfloat'(으)로 변환하면서 데이터가 손실될 수 있습니다.
D:\SCHOOL\24-3-2\opengl\2차과제\carmodeltransform\glm.c(1312,12): warning C4996: 'fopen': This function or variable may be unsafe. Consider using fopen_s instead. To disable deprecation, use _CRT_SECURE_NO_WARNINGS. See online help for details.
D:\SCHOOL\24-3-2\opengl\2차과제\carmodeltransform\glm.c(1321,26): warning C4996: 'strdup': The POSIX name for this item is deprecated. Instead, use the ISO C and C++ conformant name: _strdup. See online help for details.
D:\SCHOOL\24-3-2\opengl\2차과제\carmodeltransform\glm.c(1433,12): warning C4996: 'fopen': This function or variable may be unsafe. Consider using fopen_s instead. To disable deprecation, use _CRT_SECURE_NO_WARNINGS. See online help for details.
D:\SCHOOL\24-3-2\opengl\2차과제\carmodeltransform\glm.c(1795,10): warning C4996: 'fopen': This function or variable may be unsafe. Consider using fopen_s instead. To disable deprecation, use _CRT_SECURE_NO_WARNINGS. See online help for details.
D:\SCHOOL\24-3-2\opengl\2차과제\carmodeltransform\glm.c(1816,18): warning C4996: 'sscanf': This function or variable may be unsafe. Consider using sscanf_s instead. To disable deprecation, use _CRT_SECURE_NO_WARNINGS. See online help for details.
D:\SCHOOL\24-3-2\opengl\2차과제\carmodeltransform\glm.c(1818,18): warning C4996: 'sscanf': This function or variable may be unsafe. Consider using sscanf_s instead. To disable deprecation, use _CRT_SECURE_NO_WARNINGS. See online help for details.
D:\SCHOOL\24-3-2\opengl\2차과제\carmodeltransform\glm.c(1820,18): warning C4996: 'sscanf': This function or variable may be unsafe. Consider using sscanf_s instead. To disable deprecation, use _CRT_SECURE_NO_WARNINGS. See online help for details.
D:\SCHOOL\24-3-2\opengl\2차과제\carmodeltransform\transformation.c(30,35): warning C4305: '초기화 중': 'double'에서 'float'(으)로 잘립니다.
D:\SCHOOL\24-3-2\opengl\2차과제\carmodeltransform\transformation.c(32,35): warning C4305: '초기화 중': 'double'에서 'float'(으)로 잘립니다.
D:\SCHOOL\24-3-2\opengl\2차과제\carmodeltransform\transformation.c(34,35): warning C4305: '초기화 중': 'double'에서 'float'(으)로 잘립니다.
D:\SCHOOL\24-3-2\opengl\2차과제\carmodeltransform\transformation.c(41,35): warning C4305: '초기화 중': 'double'에서 'float'(으)로 잘립니다.
D:\SCHOOL\24-3-2\opengl\2차과제\carmodeltransform\transformation.c(43,35): warning C4305: '초기화 중': 'double'에서 'float'(으)로 잘립니다.
D:\SCHOOL\24-3-2\opengl\2차과제\carmodeltransform\transformation.c(45,35): warning C4305: '초기화 중': 'double'에서 'float'(으)로 잘립니다.
D:\SCHOOL\24-3-2\opengl\2차과제\carmodeltransform\transformation.c(50,37): warning C4305: '초기화 중': 'double'에서 'float'(으)로 잘립니다.
D:\SCHOOL\24-3-2\opengl\2차과제\carmodeltransform\transformation.c(52,37): warning C4305: '초기화 중': 'double'에서 'float'(으)로 잘립니다.
D:\SCHOOL\24-3-2\opengl\2차과제\carmodeltransform\transformation.c(54,37): warning C4305: '초기화 중': 'double'에서 'float'(으)로 잘립니다.
D:\SCHOOL\24-3-2\opengl\2차과제\carmodeltransform\transformation.c(104,5): warning C4996: 'vsprintf': This function or variable may be unsafe. Consider using vsprintf_s instead. To disable deprecation, use _CRT_SECURE_NO_WARNINGS. See online help for details.
D:\SCHOOL\24-3-2\opengl\2차과제\carmodeltransform\transformation.c(207,19): warning C4305: '함수': 'double'에서 'GLfloat'(으)로 잘립니다.
D:\SCHOOL\24-3-2\opengl\2차과제\carmodeltransform\transformation.c(209,24): warning C4305: '함수': 'double'에서 'GLfloat'(으)로 잘립니다.
D:\SCHOOL\24-3-2\opengl\2차과제\carmodeltransform\transformation.c(211,29): warning C4305: '함수': 'double'에서 'GLfloat'(으)로 잘립니다.
D:\SCHOOL\24-3-2\opengl\2차과제\carmodeltransform\transformation.c(291,14): warning C4244: '=': 'double'에서 'float'(으)로 변환하면서 데이터가 손실될 수 있습니다.
D:\SCHOOL\24-3-2\opengl\2차과제\carmodeltransform\transformation.c(310,30): warning C4244: '=': 'double'에서 'GLuint'(으)로 변환하면서 데이터가 손실될 수 있습니다.
D:\SCHOOL\24-3-2\opengl\2차과제\carmodeltransform\transformation.c(311,32): warning C4244: '=': 'double'에서 'GLuint'(으)로 변환하면서 데이터가 손실될 수 있습니다.
D:\SCHOOL\24-3-2\opengl\2차과제\carmodeltransform\transformation.c(327,18): warning C4305: '함수': 'double'에서 'GLclampf'(으)로 잘립니다.
D:\SCHOOL\24-3-2\opengl\2차과제\carmodeltransform\transformation.c(327,23): warning C4305: '함수': 'double'에서 'GLclampf'(으)로 잘립니다.
D:\SCHOOL\24-3-2\opengl\2차과제\carmodeltransform\transformation.c(327,28): warning C4305: '함수': 'double'에서 'GLclampf'(으)로 잘립니다.
D:\SCHOOL\24-3-2\opengl\2차과제\carmodeltransform\transformation.c(416,30): warning C4244: '함수': 'double'에서 'GLfloat'(으)로 변환하면서 데이터가 손실될 수 있습니다.
D:\SCHOOL\24-3-2\opengl\2차과제\carmodeltransform\transformation.c(417,16): warning C4305: '함수': 'double'에서 'GLfloat'(으)로 잘립니다.
D:\SCHOOL\24-3-2\opengl\2차과제\carmodeltransform\transformation.c(417,30): warning C4244: '함수': 'double'에서 'GLfloat'(으)로 변환하면서 데이터가 손실될 수 있습니다.
D:\SCHOOL\24-3-2\opengl\2차과제\carmodeltransform\transformation.c(418,16): warning C4305: '함수': 'double'에서 'GLfloat'(으)로 잘립니다.
D:\SCHOOL\24-3-2\opengl\2차과제\carmodeltransform\transformation.c(418,31): warning C4244: '함수': 'double'에서 'GLfloat'(으)로 변환하면서 데이터가 손실될 수 있습니다.
D:\SCHOOL\24-3-2\opengl\2차과제\carmodeltransform\transformation.c(419,30): warning C4244: '함수': 'double'에서 'GLfloat'(으)로 변환하면서 데이터가 손실될 수 있습니다.
D:\SCHOOL\24-3-2\opengl\2차과제\carmodeltransform\transformation.c(420,21): warning C4305: '함수': 'double'에서 'GLfloat'(으)로 잘립니다.
D:\SCHOOL\24-3-2\opengl\2차과제\carmodeltransform\transformation.c(420,30): warning C4244: '함수': 'double'에서 'GLfloat'(으)로 변환하면서 데이터가 손실될 수 있습니다.
D:\SCHOOL\24-3-2\opengl\2차과제\carmodeltransform\transformation.c(421,21): warning C4305: '함수': 'double'에서 'GLfloat'(으)로 잘립니다.
D:\SCHOOL\24-3-2\opengl\2차과제\carmodeltransform\transformation.c(421,31): warning C4244: '함수': 'double'에서 'GLfloat'(으)로 변환하면서 데이터가 손실될 수 있습니다.
D:\SCHOOL\24-3-2\opengl\2차과제\carmodeltransform\transformation.c(422,30): warning C4244: '함수': 'double'에서 'GLfloat'(으)로 변환하면서 데이터가 손실될 수 있습니다.
D:\SCHOOL\24-3-2\opengl\2차과제\carmodeltransform\transformation.c(425,33): warning C4244: '함수': 'double'에서 'GLfloat'(으)로 변환하면서 데이터가 손실될 수 있습니다.
D:\SCHOOL\24-3-2\opengl\2차과제\carmodeltransform\transformation.c(428,14): warning C4305: '함수': 'double'에서 'GLfloat'(으)로 잘립니다.
D:\SCHOOL\24-3-2\opengl\2차과제\carmodeltransform\transformation.c(428,19): warning C4305: '함수': 'double'에서 'GLfloat'(으)로 잘립니다.
D:\SCHOOL\24-3-2\opengl\2차과제\carmodeltransform\transformation.c(428,24): warning C4305: '함수': 'double'에서 'GLfloat'(으)로 잘립니다.
D:\SCHOOL\24-3-2\opengl\2차과제\carmodeltransform\transformation.c(436,15): warning C4305: '함수': 'double'에서 'GLfloat'(으)로 잘립니다.
D:\SCHOOL\24-3-2\opengl\2차과제\carmodeltransform\transformation.c(436,20): warning C4305: '함수': 'double'에서 'GLfloat'(으)로 잘립니다.
D:\SCHOOL\24-3-2\opengl\2차과제\carmodeltransform\transformation.c(436,25): warning C4305: '함수': 'double'에서 'GLfloat'(으)로 잘립니다.
D:\SCHOOL\24-3-2\opengl\2차과제\carmodeltransform\transformation.c(458,15): warning C4305: '함수': 'double'에서 'GLfloat'(으)로 잘립니다.
D:\SCHOOL\24-3-2\opengl\2차과제\carmodeltransform\transformation.c(458,20): warning C4305: '함수': 'double'에서 'GLfloat'(으)로 잘립니다.
D:\SCHOOL\24-3-2\opengl\2차과제\carmodeltransform\transformation.c(458,25): warning C4305: '함수': 'double'에서 'GLfloat'(으)로 잘립니다.
D:\SCHOOL\24-3-2\opengl\2차과제\carmodeltransform\transformation.c(506,18): warning C4305: '함수': 'double'에서 'GLclampf'(으)로 잘립니다.
D:\SCHOOL\24-3-2\opengl\2차과제\carmodeltransform\transformation.c(506,23): warning C4305: '함수': 'double'에서 'GLclampf'(으)로 잘립니다.
D:\SCHOOL\24-3-2\opengl\2차과제\carmodeltransform\transformation.c(506,28): warning C4305: '함수': 'double'에서 'GLclampf'(으)로 잘립니다.
  코드를 생성하고 있습니다...
  transformation.vcxproj -> D:\SCHOOL\24-3-2\opengl\2차과제\carmodeltransform\tutors.vsnetproj\x64\Debug\transformation.exe
